----------------------------------------------------------------
Mon Feb 16 17:58:45 PST 2026:
Booting Derby version The Apache Software Foundation - Apache Derby - 10.17.1.0 - (1913217): instance a816c00e-019c-6952-45fa-0000165d0138 
on database directory memory:/Users/roman/Projects/DScope/CamelAGUIComponent/camel-ag-ui-component/aguiPersistence713cc50983984fcdb6250aff40d1211e with class loader jdk.internal.loader.ClassLoaders$AppClassLoader@1cf4f579 
Loaded from file:/Users/roman/.m2/repository/org/apache/derby/derby/10.17.1.0/derby-10.17.1.0.jar
java.vendor=Oracle Corporation
java.runtime.version=21.0.2+13-58
user.dir=/Users/roman/Projects/DScope/CamelAGUIComponent/camel-ag-ui-component
os.name=Mac OS X
os.arch=aarch64
os.version=15.7.3
derby.system.home=null
Database Class Loader started - derby.database.classpath=''
----------------------------------------------------------------
Mon Feb 16 17:58:46 PST 2026:
Booting Derby version The Apache Software Foundation - Apache Derby - 10.17.1.0 - (1913217): instance eeb1411a-019c-6952-45fa-0000165d0138 
on database directory memory:/Users/roman/Projects/DScope/CamelAGUIComponent/camel-ag-ui-component/aguiPersistenced5381d06418d4fcf837d2b84544e5082 with class loader jdk.internal.loader.ClassLoaders$AppClassLoader@1cf4f579 
Loaded from file:/Users/roman/.m2/repository/org/apache/derby/derby/10.17.1.0/derby-10.17.1.0.jar
java.vendor=Oracle Corporation
java.runtime.version=21.0.2+13-58
user.dir=/Users/roman/Projects/DScope/CamelAGUIComponent/camel-ag-ui-component
os.name=Mac OS X
os.arch=aarch64
os.version=15.7.3
derby.system.home=null
Database Class Loader started - derby.database.classpath=''
